  Domicilio.cpp
C:\Users\Manu\OneDrive - frgp.utn.edu.ar\Proyecto Final - Ratas de laboratorio\Proyecto final - Ratas de laboratorio\Proyecto final - Ratas de laboratorio\rlutil.h(577,32): warning C4267: 'initializing': conversion from 'size_t' to 'unsigned int', possible loss of data
  Empleado.cpp
C:\Users\Manu\OneDrive - frgp.utn.edu.ar\Proyecto Final - Ratas de laboratorio\Proyecto final - Ratas de laboratorio\Proyecto final - Ratas de laboratorio\rlutil.h(577,32): warning C4267: 'initializing': conversion from 'size_t' to 'unsigned int', possible loss of data
C:\Users\Manu\OneDrive - frgp.utn.edu.ar\Proyecto Final - Ratas de laboratorio\Proyecto final - Ratas de laboratorio\Proyecto final - Ratas de laboratorio\Empleado.cpp(36,6): warning C4101: 'opcion': unreferenced local variable
  EmpleadosArchivo.cpp
  Fecha.cpp
C:\Users\Manu\OneDrive - frgp.utn.edu.ar\Proyecto Final - Ratas de laboratorio\Proyecto final - Ratas de laboratorio\Proyecto final - Ratas de laboratorio\rlutil.h(577,32): warning C4267: 'initializing': conversion from 'size_t' to 'unsigned int', possible loss of data
  Funciones.cpp
C:\Users\Manu\OneDrive - frgp.utn.edu.ar\Proyecto Final - Ratas de laboratorio\Proyecto final - Ratas de laboratorio\Proyecto final - Ratas de laboratorio\rlutil.h(577,32): warning C4267: 'initializing': conversion from 'size_t' to 'unsigned int', possible loss of data
C:\Users\Manu\OneDrive - frgp.utn.edu.ar\Proyecto Final - Ratas de laboratorio\Proyecto final - Ratas de laboratorio\Proyecto final - Ratas de laboratorio\Funciones.cpp(409,17): warning C4101: 'opcion': unreferenced local variable
C:\Users\Manu\OneDrive - frgp.utn.edu.ar\Proyecto Final - Ratas de laboratorio\Proyecto final - Ratas de laboratorio\Proyecto final - Ratas de laboratorio\Funciones.cpp(640,21): warning C4101: 'opcion': unreferenced local variable
C:\Users\Manu\OneDrive - frgp.utn.edu.ar\Proyecto Final - Ratas de laboratorio\Proyecto final - Ratas de laboratorio\Proyecto final - Ratas de laboratorio\Funciones.cpp(878,17): warning C4101: 'opcion': unreferenced local variable
C:\Users\Manu\OneDrive - frgp.utn.edu.ar\Proyecto Final - Ratas de laboratorio\Proyecto final - Ratas de laboratorio\Proyecto final - Ratas de laboratorio\Funciones.cpp(1224,16): error C2446: '==': no conversion from 'int' to 'const char *'
C:\Users\Manu\OneDrive - frgp.utn.edu.ar\Proyecto Final - Ratas de laboratorio\Proyecto final - Ratas de laboratorio\Proyecto final - Ratas de laboratorio\Funciones.cpp(1224,63): message : Conversion from integral type to pointer type requires reinterpret_cast, C-style cast or parenthesized function-style cast
C:\Users\Manu\OneDrive - frgp.utn.edu.ar\Proyecto Final - Ratas de laboratorio\Proyecto final - Ratas de laboratorio\Proyecto final - Ratas de laboratorio\Funciones.cpp(1238,20): error C2446: '==': no conversion from 'int' to 'const char *'
C:\Users\Manu\OneDrive - frgp.utn.edu.ar\Proyecto Final - Ratas de laboratorio\Proyecto final - Ratas de laboratorio\Proyecto final - Ratas de laboratorio\Funciones.cpp(1238,67): message : Conversion from integral type to pointer type requires reinterpret_cast, C-style cast or parenthesized function-style cast
C:\Users\Manu\OneDrive - frgp.utn.edu.ar\Proyecto Final - Ratas de laboratorio\Proyecto final - Ratas de laboratorio\Proyecto final - Ratas de laboratorio\Funciones.cpp(2033,34): error C2664: 'void Empleado::setPassword(const char *)': cannot convert argument 1 from 'int' to 'const char *'
C:\Users\Manu\OneDrive - frgp.utn.edu.ar\Proyecto Final - Ratas de laboratorio\Proyecto final - Ratas de laboratorio\Proyecto final - Ratas de laboratorio\Funciones.cpp(2033,26): message : Conversion from integral type to pointer type requires reinterpret_cast, C-style cast or parenthesized function-style cast
C:\Users\Manu\OneDrive - frgp.utn.edu.ar\Proyecto Final - Ratas de laboratorio\Proyecto final - Ratas de laboratorio\Proyecto final - Ratas de laboratorio\Empleado.h(31,7): message : see declaration of 'Empleado::setPassword'
  Pedido.cpp
C:\Users\Manu\OneDrive - frgp.utn.edu.ar\Proyecto Final - Ratas de laboratorio\Proyecto final - Ratas de laboratorio\Proyecto final - Ratas de laboratorio\rlutil.h(577,32): warning C4267: 'initializing': conversion from 'size_t' to 'unsigned int', possible loss of data
C:\Users\Manu\OneDrive - frgp.utn.edu.ar\Proyecto Final - Ratas de laboratorio\Proyecto final - Ratas de laboratorio\Proyecto final - Ratas de laboratorio\Pedido.cpp(29,18): warning C4101: 'parc': unreferenced local variable
C:\Users\Manu\OneDrive - frgp.utn.edu.ar\Proyecto Final - Ratas de laboratorio\Proyecto final - Ratas de laboratorio\Proyecto final - Ratas de laboratorio\Pedido.cpp(69,7): warning C4101: 'cargarOtro': unreferenced local variable
  PedidosArchivo.cpp
  Producto.cpp
C:\Users\Manu\OneDrive - frgp.utn.edu.ar\Proyecto Final - Ratas de laboratorio\Proyecto final - Ratas de laboratorio\Proyecto final - Ratas de laboratorio\rlutil.h(577,32): warning C4267: 'initializing': conversion from 'size_t' to 'unsigned int', possible loss of data
C:\Users\Manu\OneDrive - frgp.utn.edu.ar\Proyecto Final - Ratas de laboratorio\Proyecto final - Ratas de laboratorio\Proyecto final - Ratas de laboratorio\Producto.cpp(34,6): warning C4101: 'opcion': unreferenced local variable
  ProductosArchivo.cpp
  Source.cpp
C:\Users\Manu\OneDrive - frgp.utn.edu.ar\Proyecto Final - Ratas de laboratorio\Proyecto final - Ratas de laboratorio\Proyecto final - Ratas de laboratorio\rlutil.h(577,32): warning C4267: 'initializing': conversion from 'size_t' to 'unsigned int', possible loss of data
  Generating Code...
