  Domicilio.cpp
C:\Users\Manu\OneDrive - frgp.utn.edu.ar\Proyecto Final - Ratas de laboratorio\Proyecto final - Ratas de laboratorio\Proyecto final - Ratas de laboratorio\rlutil.h(577,32): warning C4267: 'initializing': conversion from 'size_t' to 'unsigned int', possible loss of data
  Empleado.cpp
C:\Users\Manu\OneDrive - frgp.utn.edu.ar\Proyecto Final - Ratas de laboratorio\Proyecto final - Ratas de laboratorio\Proyecto final - Ratas de laboratorio\rlutil.h(577,32): warning C4267: 'initializing': conversion from 'size_t' to 'unsigned int', possible loss of data
  EmpleadosArchivo.cpp
  Fecha.cpp
C:\Users\Manu\OneDrive - frgp.utn.edu.ar\Proyecto Final - Ratas de laboratorio\Proyecto final - Ratas de laboratorio\Proyecto final - Ratas de laboratorio\rlutil.h(577,32): warning C4267: 'initializing': conversion from 'size_t' to 'unsigned int', possible loss of data
  Funciones.cpp
C:\Users\Manu\OneDrive - frgp.utn.edu.ar\Proyecto Final - Ratas de laboratorio\Proyecto final - Ratas de laboratorio\Proyecto final - Ratas de laboratorio\rlutil.h(577,32): warning C4267: 'initializing': conversion from 'size_t' to 'unsigned int', possible loss of data
C:\Users\Manu\OneDrive - frgp.utn.edu.ar\Proyecto Final - Ratas de laboratorio\Proyecto final - Ratas de laboratorio\Proyecto final - Ratas de laboratorio\Funciones.cpp(286,17): warning C4101: 'opcion': unreferenced local variable
C:\Users\Manu\OneDrive - frgp.utn.edu.ar\Proyecto Final - Ratas de laboratorio\Proyecto final - Ratas de laboratorio\Proyecto final - Ratas de laboratorio\Funciones.cpp(668,17): warning C4101: 'opcion': unreferenced local variable
  Pedido.cpp
C:\Users\Manu\OneDrive - frgp.utn.edu.ar\Proyecto Final - Ratas de laboratorio\Proyecto final - Ratas de laboratorio\Proyecto final - Ratas de laboratorio\rlutil.h(577,32): warning C4267: 'initializing': conversion from 'size_t' to 'unsigned int', possible loss of data
C:\Users\Manu\OneDrive - frgp.utn.edu.ar\Proyecto Final - Ratas de laboratorio\Proyecto final - Ratas de laboratorio\Proyecto final - Ratas de laboratorio\Pedido.cpp(17,6): warning C4101: 'opcion': unreferenced local variable
C:\Users\Manu\OneDrive - frgp.utn.edu.ar\Proyecto Final - Ratas de laboratorio\Proyecto final - Ratas de laboratorio\Proyecto final - Ratas de laboratorio\Pedido.cpp(10,6): warning C4101: 'idPedido': unreferenced local variable
  PedidosArchivo.cpp
  Producto.cpp
C:\Users\Manu\OneDrive - frgp.utn.edu.ar\Proyecto Final - Ratas de laboratorio\Proyecto final - Ratas de laboratorio\Proyecto final - Ratas de laboratorio\rlutil.h(577,32): warning C4267: 'initializing': conversion from 'size_t' to 'unsigned int', possible loss of data
  ProductosArchivo.cpp
  Source.cpp
C:\Users\Manu\OneDrive - frgp.utn.edu.ar\Proyecto Final - Ratas de laboratorio\Proyecto final - Ratas de laboratorio\Proyecto final - Ratas de laboratorio\rlutil.h(577,32): warning C4267: 'initializing': conversion from 'size_t' to 'unsigned int', possible loss of data
C:\Users\Manu\OneDrive - frgp.utn.edu.ar\Proyecto Final - Ratas de laboratorio\Proyecto final - Ratas de laboratorio\Proyecto final - Ratas de laboratorio\Source.cpp(71,19): warning C4101: 'prodArc': unreferenced local variable
  Generating Code...
  Proyecto final - Ratas de laboratorio.vcxproj -> C:\Users\Manu\OneDrive - frgp.utn.edu.ar\Proyecto Final - Ratas de laboratorio\Proyecto final - Ratas de laboratorio\x64\Debug\Proyecto final - Ratas de laboratorio.exe
